C:\Program Files\Microsoft Visual Studio\2022\Community\MSBuild\Microsoft\VC\v170\Microsoft.CppBuild.targets(503,5): warning MSB8004: Output Directory does not end with a trailing slash.  This build instance will add the slash as it is required to allow proper evaluation of the Output Directory.
  unluckyCat.cpp
D:\Braw i jaya\season 6\p.gim\UnluckyCat_ApaAja\vs\Project\unluckyCat.cpp(104,48): warning C4244: 'argument': conversion from 'int' to 'float', possible loss of data
D:\Braw i jaya\season 6\p.gim\UnluckyCat_ApaAja\vs\Project\unluckyCat.cpp(109,78): warning C4244: 'argument': conversion from 'int' to 'float', possible loss of data
D:\Braw i jaya\season 6\p.gim\UnluckyCat_ApaAja\vs\Project\unluckyCat.cpp(109,49): warning C4244: 'argument': conversion from 'int' to 'float', possible loss of data
D:\Braw i jaya\season 6\p.gim\UnluckyCat_ApaAja\vs\Project\unluckyCat.cpp(114,78): warning C4244: 'argument': conversion from 'int' to 'float', possible loss of data
D:\Braw i jaya\season 6\p.gim\UnluckyCat_ApaAja\vs\Project\unluckyCat.cpp(114,49): warning C4244: 'argument': conversion from 'int' to 'float', possible loss of data
D:\Braw i jaya\season 6\p.gim\UnluckyCat_ApaAja\vs\Project\unluckyCat.cpp(119,78): warning C4244: 'argument': conversion from 'int' to 'float', possible loss of data
D:\Braw i jaya\season 6\p.gim\UnluckyCat_ApaAja\vs\Project\unluckyCat.cpp(119,49): warning C4244: 'argument': conversion from 'int' to 'float', possible loss of data
D:\Braw i jaya\season 6\p.gim\UnluckyCat_ApaAja\vs\Project\unluckyCat.cpp(124,78): warning C4244: 'argument': conversion from 'int' to 'float', possible loss of data
D:\Braw i jaya\season 6\p.gim\UnluckyCat_ApaAja\vs\Project\unluckyCat.cpp(124,49): warning C4244: 'argument': conversion from 'int' to 'float', possible loss of data
D:\Braw i jaya\season 6\p.gim\UnluckyCat_ApaAja\vs\Project\unluckyCat.cpp(170,57): warning C4244: 'argument': conversion from 'int' to 'float', possible loss of data
D:\Braw i jaya\season 6\p.gim\UnluckyCat_ApaAja\vs\Project\unluckyCat.cpp(170,35): warning C4244: 'argument': conversion from 'int' to 'float', possible loss of data
D:\Braw i jaya\season 6\p.gim\UnluckyCat_ApaAja\vs\Project\unluckyCat.cpp(219,47): warning C4244: 'argument': conversion from 'int' to 'float', possible loss of data
D:\Braw i jaya\season 6\p.gim\UnluckyCat_ApaAja\vs\Project\unluckyCat.cpp(225,47): warning C4244: 'argument': conversion from 'int' to 'float', possible loss of data
D:\Braw i jaya\season 6\p.gim\UnluckyCat_ApaAja\vs\Project\unluckyCat.cpp(236,57): warning C4244: 'argument': conversion from 'int' to 'float', possible loss of data
D:\Braw i jaya\season 6\p.gim\UnluckyCat_ApaAja\vs\Project\unluckyCat.cpp(236,35): warning C4244: 'argument': conversion from 'int' to 'float', possible loss of data
D:\Braw i jaya\season 6\p.gim\UnluckyCat_ApaAja\vs\Project\unluckyCat.cpp(264,75): warning C4244: 'argument': conversion from 'int' to 'float', possible loss of data
D:\Braw i jaya\season 6\p.gim\UnluckyCat_ApaAja\vs\Project\unluckyCat.cpp(264,48): warning C4244: 'argument': conversion from 'int' to 'float', possible loss of data
D:\Braw i jaya\season 6\p.gim\UnluckyCat_ApaAja\vs\Project\unluckyCat.cpp(268,72): warning C4244: 'argument': conversion from 'int' to 'float', possible loss of data
D:\Braw i jaya\season 6\p.gim\UnluckyCat_ApaAja\vs\Project\unluckyCat.cpp(268,45): warning C4244: 'argument': conversion from 'int' to 'float', possible loss of data
D:\Braw i jaya\season 6\p.gim\UnluckyCat_ApaAja\vs\Project\unluckyCat.cpp(339,43): warning C4018: '<': signed/unsigned mismatch
D:\Braw i jaya\season 6\p.gim\UnluckyCat_ApaAja\vs\Project\unluckyCat.cpp(397,15): warning C4244: '+=': conversion from 'float' to 'int', possible loss of data
D:\Braw i jaya\season 6\p.gim\UnluckyCat_ApaAja\vs\Project\unluckyCat.cpp(410,18): warning C4244: 'argument': conversion from 'int' to 'float', possible loss of data
D:\Braw i jaya\season 6\p.gim\UnluckyCat_ApaAja\vs\Project\unluckyCat.cpp(416,47): warning C4244: 'argument': conversion from 'int' to 'float', possible loss of data
D:\Braw i jaya\season 6\p.gim\UnluckyCat_ApaAja\vs\Project\unluckyCat.cpp(431,24): warning C4244: '+=': conversion from 'double' to 'float', possible loss of data
D:\Braw i jaya\season 6\p.gim\UnluckyCat_ApaAja\vs\Project\unluckyCat.cpp(442,24): warning C4244: '-=': conversion from 'double' to 'float', possible loss of data
D:\Braw i jaya\season 6\p.gim\UnluckyCat_ApaAja\vs\Project\unluckyCat.cpp(457,28): warning C4244: '=': conversion from 'int' to 'float', possible loss of data
D:\Braw i jaya\season 6\p.gim\UnluckyCat_ApaAja\vs\Project\unluckyCat.cpp(518,25): warning C4244: 'argument': conversion from 'int' to 'float', possible loss of data
D:\Braw i jaya\season 6\p.gim\UnluckyCat_ApaAja\vs\Project\unluckyCat.cpp(519,24): warning C4244: 'argument': conversion from 'int' to 'float', possible loss of data
D:\Braw i jaya\season 6\p.gim\UnluckyCat_ApaAja\vs\Project\unluckyCat.cpp(527,29): warning C4244: 'argument': conversion from 'int' to 'float', possible loss of data
D:\Braw i jaya\season 6\p.gim\UnluckyCat_ApaAja\vs\Project\unluckyCat.cpp(569,69): warning C4244: 'argument': conversion from 'int' to 'float', possible loss of data
D:\Braw i jaya\season 6\p.gim\UnluckyCat_ApaAja\vs\Project\unluckyCat.cpp(569,42): warning C4244: 'argument': conversion from 'int' to 'float', possible loss of data
D:\Braw i jaya\season 6\p.gim\UnluckyCat_ApaAja\vs\Project\unluckyCat.cpp(573,69): warning C4244: 'argument': conversion from 'int' to 'float', possible loss of data
D:\Braw i jaya\season 6\p.gim\UnluckyCat_ApaAja\vs\Project\unluckyCat.cpp(573,42): warning C4244: 'argument': conversion from 'int' to 'float', possible loss of data
D:\Braw i jaya\season 6\p.gim\UnluckyCat_ApaAja\vs\Project\unluckyCat.cpp(577,69): warning C4244: 'argument': conversion from 'int' to 'float', possible loss of data
D:\Braw i jaya\season 6\p.gim\UnluckyCat_ApaAja\vs\Project\unluckyCat.cpp(577,42): warning C4244: 'argument': conversion from 'int' to 'float', possible loss of data
D:\Braw i jaya\season 6\p.gim\UnluckyCat_ApaAja\vs\Project\unluckyCat.cpp(606,12): warning C4244: 'initializing': conversion from 'float' to 'int', possible loss of data
D:\Braw i jaya\season 6\p.gim\UnluckyCat_ApaAja\vs\Project\unluckyCat.cpp(607,12): warning C4244: 'initializing': conversion from 'int' to 'float', possible loss of data
SOIL.lib(SOIL.obj) : warning LNK4075: ignoring '/EDITANDCONTINUE' due to '/OPT:ICF' specification
LINK : warning LNK4098: defaultlib 'MSVCRTD' conflicts with use of other libs; use /NODEFAULTLIB:library
  Generating code
  0 of 1146 functions ( 0.0%) were compiled, the rest were copied from previous compilation.
    0 functions were new in current compilation
    0 functions had inline decision re-evaluated but remain unchanged
  Finished generating code
SOIL.lib(image_DXT.obj) : warning LNK4099: PDB '' was not found with 'SOIL.lib(image_DXT.obj)' or at ''; linking object as if no debug info
SOIL.lib(image_helper.obj) : warning LNK4099: PDB '' was not found with 'SOIL.lib(image_helper.obj)' or at ''; linking object as if no debug info
SOIL.lib(SOIL.obj) : warning LNK4099: PDB '' was not found with 'SOIL.lib(SOIL.obj)' or at ''; linking object as if no debug info
SOIL.lib(stb_image_aug.obj) : warning LNK4099: PDB '' was not found with 'SOIL.lib(stb_image_aug.obj)' or at ''; linking object as if no debug info
  Project.vcxproj -> D:\Braw i jaya\season 6\p.gim\UnluckyCat_ApaAja\vs\Project\Project.exe
